
/home/runner/work/exp-flow-through-fluidized-bed-nitk/exp-flow-through-fluidized-bed-nitk/experiment/simulation/js/dpi.js
  39:5  error  Parsing error: Identifier 'canvas' has already been declared

/home/runner/work/exp-flow-through-fluidized-bed-nitk/exp-flow-through-fluidized-bed-nitk/experiment/simulation/js/ftpJS.js
     2:5   warning  'mpointer' is assigned a value but never used        no-unused-vars
     3:5   warning  'repeat' is assigned a value but never used          no-unused-vars
     4:5   warning  'a' is defined but never used                        no-unused-vars
     4:8   warning  'p' is defined but never used                        no-unused-vars
     4:11  warning  'lastp' is defined but never used                    no-unused-vars
     4:18  warning  'n' is defined but never used                        no-unused-vars
     4:21  warning  'b' is defined but never used                        no-unused-vars
     4:24  warning  'q' is defined but never used                        no-unused-vars
     4:27  warning  'flag' is assigned a value but never used            no-unused-vars
     5:5   warning  'avg' is defined but never used                      no-unused-vars
     5:10  warning  'average' is defined but never used                  no-unused-vars
    26:10  warning  'temp' is not defined                                no-undef
    26:20  warning  'temp' is not defined                                no-undef
    26:31  warning  'temp' is not defined                                no-undef
    27:44  warning  'temp' is not defined                                no-undef
    29:5   warning  'simsubscreennum' is not defined                     no-undef
    30:40  warning  'simsubscreennum' is not defined                     no-undef
    35:10  warning  'navNext' is defined but never used                  no-unused-vars
    36:10  warning  'temp' is not defined                                no-undef
    36:20  warning  'temp' is not defined                                no-undef
    36:31  warning  'temp' is not defined                                no-undef
    37:44  warning  'temp' is not defined                                no-undef
    40:5   warning  'simsubscreennum' is not defined                     no-undef
    41:41  warning  'simsubscreennum' is not defined                     no-undef
    48:10  warning  'animatearrow' is defined but never used             no-unused-vars
    56:10  warning  'myStopFunction' is defined but never used           no-unused-vars
    57:19  warning  'myInt' is not defined                               no-undef
    65:9   warning  'simsubscreennum' is not defined                     no-undef
    71:16  warning  'simsubscreennum' is not defined                     no-undef
    88:16  warning  'simsubscreennum' is not defined                     no-undef
   107:16  warning  'simsubscreennum' is not defined                     no-undef
   139:13  warning  'h1Val' is not defined                               no-undef
   140:13  warning  'h2Val' is not defined                               no-undef
   180:21  warning  'Propeller' is not defined                           no-undef
   199:16  warning  'simsubscreennum' is not defined                     no-undef
   213:10  warning  'dragAndRotate' is defined but never used            no-unused-vars
   219:10  warning  'temp' is not defined                                no-undef
   219:20  warning  'temp' is not defined                                no-undef
   219:31  warning  'temp' is not defined                                no-undef
   220:44  warning  'temp' is not defined                                no-undef
   222:5   warning  'simsubscreennum' is not defined                     no-undef
   223:40  warning  'simsubscreennum' is not defined                     no-undef
   248:10  warning  'temp' is not defined                                no-undef
   248:20  warning  'temp' is not defined                                no-undef
   248:31  warning  'temp' is not defined                                no-undef
   249:44  warning  'temp' is not defined                                no-undef
   251:5   warning  'simsubscreennum' is not defined                     no-undef
   252:40  warning  'simsubscreennum' is not defined                     no-undef
   271:10  warning  'temp' is not defined                                no-undef
   271:20  warning  'temp' is not defined                                no-undef
   271:31  warning  'temp' is not defined                                no-undef
   272:44  warning  'temp' is not defined                                no-undef
   274:5   warning  'simsubscreennum' is not defined                     no-undef
   275:40  warning  'simsubscreennum' is not defined                     no-undef
   301:5   warning  'h1Val' is not defined                               no-undef
   302:5   warning  'h2Val' is not defined                               no-undef
   310:10  warning  'temp' is not defined                                no-undef
   310:20  warning  'temp' is not defined                                no-undef
   310:31  warning  'temp' is not defined                                no-undef
   311:44  warning  'temp' is not defined                                no-undef
   313:5   warning  'simsubscreennum' is not defined                     no-undef
   314:40  warning  'simsubscreennum' is not defined                     no-undef
   340:10  warning  'temp' is not defined                                no-undef
   340:20  warning  'temp' is not defined                                no-undef
   340:31  warning  'temp' is not defined                                no-undef
   341:44  warning  'temp' is not defined                                no-undef
   343:5   warning  'simsubscreennum' is not defined                     no-undef
   344:40  warning  'simsubscreennum' is not defined                     no-undef
   351:10  warning  'temp' is not defined                                no-undef
   351:20  warning  'temp' is not defined                                no-undef
   351:31  warning  'temp' is not defined                                no-undef
   352:44  warning  'temp' is not defined                                no-undef
   354:5   warning  'simsubscreennum' is not defined                     no-undef
   355:40  warning  'simsubscreennum' is not defined                     no-undef
   364:10  warning  'temp' is not defined                                no-undef
   364:20  warning  'temp' is not defined                                no-undef
   364:31  warning  'temp' is not defined                                no-undef
   365:44  warning  'temp' is not defined                                no-undef
   367:5   warning  'simsubscreennum' is not defined                     no-undef
   368:40  warning  'simsubscreennum' is not defined                     no-undef
   381:9   warning  'h1Val' is not defined                               no-undef
   382:9   warning  'h2Val' is not defined                               no-undef
   463:10  warning  'selectAction' is defined but never used             no-unused-vars
   466:5   warning  'simsubscreennum' is not defined                     no-undef
   472:10  warning  'setPipeLength' is defined but never used            no-unused-vars
   479:10  warning  'setPipeDia' is defined but never used               no-unused-vars
   546:5   warning  'x' is assigned a value but never used               no-unused-vars
   547:5   warning  'numberOfClicks' is assigned a value but never used  no-unused-vars
   558:5   warning  'heightRight' is assigned a value but never used     no-unused-vars
   563:5   warning  'topRight' is assigned a value but never used        no-unused-vars
   566:5   warning  'heightPin' is assigned a value but never used       no-unused-vars
   567:5   warning  'heightPinNew' is assigned a value but never used    no-unused-vars
   861:5   warning  'h1Val' is not defined                               no-undef
   862:5   warning  'h2Val' is not defined                               no-undef
   881:5   warning  'h1Val' is not defined                               no-undef
   882:5   warning  'h2Val' is not defined                               no-undef
   947:5   warning  'simsubscreennum' is not defined                     no-undef
   950:41  warning  'simsubscreennum' is not defined                     no-undef
   960:10  warning  'setPipeLengthEval' is defined but never used        no-unused-vars
   967:10  warning  'setPipeDiaEval' is defined but never used           no-unused-vars
   974:10  warning  'setProcessFluidEval' is defined but never used      no-unused-vars
   981:10  warning  'setManoFluidEval' is defined but never used         no-unused-vars
   990:10  warning  'setEvalSets' is defined but never used              no-unused-vars
  1018:22  warning  'fric' is assigned a value but never used            no-unused-vars
  1021:10  warning  'evaluateConfig' is defined but never used           no-unused-vars
  1094:17  warning  'rowCountPost' is assigned a value but never used    no-unused-vars

/home/runner/work/exp-flow-through-fluidized-bed-nitk/exp-flow-through-fluidized-bed-nitk/experiment/simulation/js/jquery-3.6.0.js
     17:44  warning  'module' is not defined                                                    no-undef
     25:5   warning  'module' is not defined                                                    no-undef
    142:13  warning  'Symbol' is already defined as a built-in global variable                  no-redeclare
    717:22  warning  Unexpected control character(s) in regular expression: \x1f, \x1f          no-control-regex
    779:50  warning  Empty block statement                                                      no-empty
   2185:38  warning  Do not access Object.prototype method 'hasOwnProperty' from target object  no-prototype-builtins
   3205:16  warning  Unnecessary escape character: \/                                           no-useless-escape
   3507:52  warning  Empty block statement                                                      no-empty
   4584:21  warning  Empty block statement                                                      no-empty
   5051:28  warning  Unnecessary escape character: \/                                           no-useless-escape
   5268:19  warning  Empty block statement                                                      no-empty
   6564:25  warning  Empty block statement                                                      no-empty
   9171:17  warning  Empty block statement                                                      no-empty
   9819:28  warning  'urlAnchor.href' is assigned to itself                                     no-self-assign
  10269:17  warning  Empty block statement                                                      no-empty
  11162:39  warning  'define' is not defined                                                    no-undef
  11163:5   warning  'define' is not defined                                                    no-undef

/home/runner/work/exp-flow-through-fluidized-bed-nitk/exp-flow-through-fluidized-bed-nitk/experiment/simulation/js/jquery-ui.js
      9:39  warning  'define' is not defined                                      no-undef
     11:5   warning  'define' is not defined                                      no-undef
     14:13  warning  'jQuery' is not defined                                      no-undef
     21:7   warning  'version' is assigned a value but never used                 no-unused-vars
    797:7   warning  'widget' is assigned a value but never used                  no-unused-vars
    822:19  warning  Unnecessary escape character: \+                             no-useless-escape
    822:21  warning  Unnecessary escape character: \-                             no-useless-escape
   1365:7   warning  'position' is assigned a value but never used                no-unused-vars
   1381:7   warning  'data' is assigned a value but never used                    no-unused-vars
   1410:7   warning  'disableSelection' is assigned a value but never used        no-unused-vars
   1452:23  warning  Unnecessary escape character: \-                             no-useless-escape
   1462:39  warning  Unnecessary escape character: \%                             no-useless-escape
   1462:63  warning  Unnecessary escape character: \%                             no-useless-escape
   1462:87  warning  Unnecessary escape character: \%                             no-useless-escape
   1499:61  warning  Unnecessary escape character: \%                             no-useless-escape
   1499:85  warning  Unnecessary escape character: \%                             no-useless-escape
   2078:29  warning  Empty block statement                                        no-empty
   3120:63  warning  Empty block statement                                        no-empty
   3156:7   warning  'effectsEffectBlind' is assigned a value but never used      no-unused-vars
   3217:7   warning  'effectsEffectBounce' is assigned a value but never used     no-unused-vars
   3309:7   warning  'effectsEffectClip' is assigned a value but never used       no-unused-vars
   3360:7   warning  'effectsEffectDrop' is assigned a value but never used       no-unused-vars
   3418:7   warning  'effectsEffectExplode' is assigned a value but never used    no-unused-vars
   3523:7   warning  'effectsEffectFade' is assigned a value but never used       no-unused-vars
   3560:7   warning  'effectsEffectFold' is assigned a value but never used       no-unused-vars
   3639:7   warning  'effectsEffectHighlight' is assigned a value but never used  no-unused-vars
   3683:7   warning  'effectsEffectSize' is assigned a value but never used       no-unused-vars
   3884:7   warning  'effectsEffectScale' is assigned a value but never used      no-unused-vars
   3929:7   warning  'effectsEffectPuff' is assigned a value but never used       no-unused-vars
   3957:7   warning  'effectsEffectPulsate' is assigned a value but never used    no-unused-vars
   4007:7   warning  'effectsEffectShake' is assigned a value but never used      no-unused-vars
   4062:7   warning  'effectsEffectSlide' is assigned a value but never used      no-unused-vars
   4127:7   warning  'effect' is already defined                                  no-redeclare
   4133:7   warning  'effectsEffectTransfer' is assigned a value but never used   no-unused-vars
   4209:7   warning  'focusable' is assigned a value but never used               no-unused-vars
   4214:7   warning  'form' is assigned a value but never used                    no-unused-vars
   4234:7   warning  'formResetMixin' is assigned a value but never used          no-unused-vars
   4311:22  warning  Unexpected control character(s) in regular expression: \x1f  no-control-regex
   4369:7   warning  'keycode' is assigned a value but never used                 no-unused-vars
   4402:7   warning  'labels' is assigned a value but never used                  no-unused-vars
   4455:7   warning  'scrollParent' is assigned a value but never used            no-unused-vars
   4492:7   warning  'tabbable' is assigned a value but never used                no-unused-vars
   4516:7   warning  'uniqueId' is assigned a value but never used                no-unused-vars
   4558:7   warning  'widgetsAccordion' is assigned a value but never used        no-unused-vars
   5187:7   warning  'safeActiveElement' is assigned a value but never used       no-unused-vars
   5233:7   warning  'widgetsMenu' is assigned a value but never used             no-unused-vars
   5939:13  warning  Unnecessary escape character: \-                             no-useless-escape
   5939:15  warning  Unnecessary escape character: \[                             no-useless-escape
   5939:30  warning  Unnecessary escape character: \^                             no-useless-escape
   6581:30  warning  Unnecessary escape character: \-                             no-useless-escape
   6581:32  warning  Unnecessary escape character: \[                             no-useless-escape
   6581:47  warning  Unnecessary escape character: \^                             no-useless-escape
   6626:7   warning  'widgetsAutocomplete' is assigned a value but never used     no-unused-vars
   6648:7   warning  'widgetsControlgroup' is assigned a value but never used     no-unused-vars
   7239:7   warning  'widgetsCheckboxradio' is assigned a value but never used    no-unused-vars
   7686:7   warning  'widgetsButton' is assigned a value but never used           no-unused-vars
   7921:51  warning  Unnecessary escape character: \-                             no-useless-escape
   8620:23  warning  Empty block statement                                        no-empty
   9326:18  warning  Unexpected constant condition                                no-constant-condition
   9623:27  warning  Unnecessary escape character: \-                             no-useless-escape
  10293:40  warning  Unnecessary escape character: \-                             no-useless-escape
  10295:32  warning  Unnecessary escape character: \-                             no-useless-escape
  10435:35  warning  Unnecessary escape character: \-                             no-useless-escape
  10438:35  warning  Unnecessary escape character: \-                             no-useless-escape
  10603:7   warning  'widgetsDatepicker' is assigned a value but never used       no-unused-vars
  10606:7   warning  'ie' is assigned a value but never used                      no-unused-vars
  10627:7   warning  'widgetsMouse' is assigned a value but never used            no-unused-vars
  10835:7   warning  'plugin' is assigned a value but never used                  no-unused-vars
  10868:7   warning  'safeBlur' is assigned a value but never used                no-unused-vars
  12169:7   warning  'widgetsDraggable' is assigned a value but never used        no-unused-vars
  13428:7   warning  'widgetsResizable' is assigned a value but never used        no-unused-vars
  14383:7   warning  'widgetsDialog' is assigned a value but never used           no-unused-vars
  14902:7   warning  'widgetsDroppable' is assigned a value but never used        no-unused-vars
  14924:7   warning  'widgetsProgressbar' is assigned a value but never used      no-unused-vars
  15081:7   warning  'widgetsSelectable' is assigned a value but never used       no-unused-vars
  15399:7   warning  'widgetsSelectmenu' is assigned a value but never used       no-unused-vars
  16098:7   warning  'widgetsSlider' is assigned a value but never used           no-unused-vars
  16890:7   warning  'widgetsSortable' is assigned a value but never used         no-unused-vars
  17501:33  warning  Unnecessary escape character: \-                             no-useless-escape
  19078:15  warning  'Globalize' is not defined                                   no-undef
  19089:11  warning  'Globalize' is not defined                                   no-undef
  19209:7   warning  'widgetsSpinner' is assigned a value but never used          no-unused-vars
  19265:25  warning  Empty block statement                                        no-empty
  19268:25  warning  Empty block statement                                        no-empty
  19507:38  warning  Unnecessary escape character: \/                             no-useless-escape
  19507:47  warning  Unnecessary escape character: \[                             no-useless-escape
  19507:51  warning  Unnecessary escape character: \^                             no-useless-escape
  20132:7   warning  'widgetsTabs' is assigned a value but never used             no-unused-vars
  20643:7   warning  'widgetsTooltip' is assigned a value but never used          no-unused-vars

/home/runner/work/exp-flow-through-fluidized-bed-nitk/exp-flow-through-fluidized-bed-nitk/experiment/simulation/js/jquery.ui.touch-punch.js
  174:4  warning  'jQuery' is not defined  no-undef

/home/runner/work/exp-flow-through-fluidized-bed-nitk/exp-flow-through-fluidized-bed-nitk/experiment/simulation/js/jquery.ui.touch-punch.min.js
  81:4  warning  'jQuery' is not defined  no-undef

/home/runner/work/exp-flow-through-fluidized-bed-nitk/exp-flow-through-fluidized-bed-nitk/experiment/simulation/js/jquerymin.js
  2:71     warning  'module' is not defined                                                    no-undef
  2:86     warning  'module' is not defined                                                    no-undef
  2:863    warning  'b' is assigned a value but never used                                     no-unused-vars
  2:3050   warning  'r' is assigned a value but never used                                     no-unused-vars
  2:5376   warning  Unexpected control character(s) in regular expression: \x1f, \x1f          no-control-regex
  2:5847   warning  Expected a conditional expression and instead saw an assignment            no-cond-assign
  2:6101   warning  Expected a conditional expression and instead saw an assignment            no-cond-assign
  2:6532   warning  Expected a conditional expression and instead saw an assignment            no-cond-assign
  2:6758   warning  Empty block statement                                                      no-empty
  2:7320   warning  Expected a conditional expression and instead saw an assignment            no-cond-assign
  2:9378   warning  Expected a conditional expression and instead saw an assignment            no-cond-assign
  2:9688   warning  Expected a conditional expression and instead saw an assignment            no-cond-assign
  2:11489  warning  Expected a conditional expression and instead saw an assignment            no-cond-assign
  2:12064  warning  Expected a conditional expression and instead saw an assignment            no-cond-assign
  2:12102  warning  Expected a conditional expression and instead saw an assignment            no-cond-assign
  2:12520  warning  Empty block statement                                                      no-empty
  2:13134  warning  Expected a conditional expression and instead saw an assignment            no-cond-assign
  2:13446  warning  Expected a conditional expression and instead saw an assignment            no-cond-assign
  2:15271  warning  Expected a conditional expression and instead saw an assignment            no-cond-assign
  2:15542  warning  Expected a conditional expression and instead saw an assignment            no-cond-assign
  2:15740  warning  Expected a conditional expression and instead saw an assignment            no-cond-assign
  2:16114  warning  Do not access Object.prototype method 'hasOwnProperty' from target object  no-prototype-builtins
  2:16815  warning  Expected a conditional expression and instead saw an assignment            no-cond-assign
  2:19155  warning  Expected a conditional expression and instead saw an assignment            no-cond-assign
  2:19255  warning  Expected a conditional expression and instead saw an assignment            no-cond-assign
  2:19315  warning  Expected a conditional expression and instead saw an assignment            no-cond-assign
  2:20674  warning  Expected a conditional expression and instead saw an assignment            no-cond-assign
  2:21288  warning  Expected a conditional expression and instead saw an assignment            no-cond-assign
  2:21399  warning  Expected a conditional expression and instead saw an assignment            no-cond-assign
  2:23719  warning  Unnecessary escape character: \/                                           no-useless-escape
  2:33344  warning  Empty block statement                                                      no-empty
  2:37050  warning  Unnecessary escape character: \/                                           no-useless-escape
  2:38265  warning  Expected a conditional expression and instead saw an assignment            no-cond-assign
  2:38405  warning  Expected a conditional expression and instead saw an assignment            no-cond-assign
  2:39039  warning  Empty block statement                                                      no-empty
  2:45778  warning  Unnecessary escape character: \/                                           no-useless-escape
  2:48087  warning  Expected a conditional expression and instead saw an assignment            no-cond-assign
  2:49647  warning  Empty block statement                                                      no-empty
  2:57298  warning  Expected a conditional expression and instead saw an assignment            no-cond-assign
  2:59847  warning  Expected a conditional expression and instead saw an assignment            no-cond-assign
  2:64132  warning  Expected a conditional expression and instead saw an assignment            no-cond-assign
  2:65877  warning  Expected a conditional expression and instead saw an assignment            no-cond-assign
  2:65943  warning  Expected a conditional expression and instead saw an assignment            no-cond-assign
  2:66247  warning  Expected a conditional expression and instead saw an assignment            no-cond-assign
  2:66313  warning  Expected a conditional expression and instead saw an assignment            no-cond-assign
  2:66720  warning  Expected a conditional expression and instead saw an assignment            no-cond-assign
  2:66997  warning  Expected a conditional expression and instead saw an assignment            no-cond-assign
  2:72432  warning  Expected a conditional expression and instead saw an assignment            no-cond-assign
  2:74924  warning  Expected a conditional expression and instead saw an assignment            no-cond-assign
  2:75645  warning  'l.href' is assigned to itself                                             no-self-assign
  2:79204  warning  Empty block statement                                                      no-empty
  2:83243  warning  Expected a conditional expression and instead saw an assignment            no-cond-assign
  2:83243  warning  'l' is assigned a value but never used                                     no-unused-vars
  2:86651  warning  'define' is not defined                                                    no-undef
  2:86663  warning  'define' is not defined                                                    no-undef

/home/runner/work/exp-flow-through-fluidized-bed-nitk/exp-flow-through-fluidized-bed-nitk/experiment/simulation/js/propeller.min.js
  1:7925  warning  'a' is defined but never used  no-unused-vars
  1:8813  warning  'f' is already defined         no-redeclare
  1:9265  warning  '$' is not defined             no-undef
  1:9280  warning  '$' is not defined             no-undef
  1:9306  warning  '$' is not defined             no-undef
  1:9358  warning  '$' is not defined             no-undef
  1:9404  warning  '$' is not defined             no-undef
  1:9431  warning  '$' is not defined             no-undef

/home/runner/work/exp-flow-through-fluidized-bed-nitk/exp-flow-through-fluidized-bed-nitk/experiment/simulation/js/script.js
     2:5   warning  'mpointer' is assigned a value but never used           no-unused-vars
     3:5   warning  'repeat' is assigned a value but never used             no-unused-vars
     4:5   warning  'a' is defined but never used                           no-unused-vars
     4:8   warning  'p' is defined but never used                           no-unused-vars
     4:11  warning  'lastp' is defined but never used                       no-unused-vars
     4:18  warning  'n' is defined but never used                           no-unused-vars
     4:21  warning  'b' is defined but never used                           no-unused-vars
     4:24  warning  'q' is defined but never used                           no-unused-vars
     4:27  warning  'flag' is assigned a value but never used               no-unused-vars
     5:5   warning  'avg' is defined but never used                         no-unused-vars
     5:10  warning  'average' is defined but never used                     no-unused-vars
     7:9   warning  'pbLength' is assigned a value but never used           no-unused-vars
    27:10  warning  'goToStart' is defined but never used                   no-unused-vars
    56:10  warning  'changeOriginal' is defined but never used              no-unused-vars
    63:10  warning  'temp' is not defined                                   no-undef
    63:20  warning  'temp' is not defined                                   no-undef
    63:31  warning  'temp' is not defined                                   no-undef
    64:44  warning  'temp' is not defined                                   no-undef
    66:5   warning  'simsubscreennum' is not defined                        no-undef
    67:40  warning  'simsubscreennum' is not defined                        no-undef
    72:10  warning  'navNext' is defined but never used                     no-unused-vars
    73:10  warning  'temp' is not defined                                   no-undef
    73:20  warning  'temp' is not defined                                   no-undef
    73:31  warning  'temp' is not defined                                   no-undef
    74:44  warning  'temp' is not defined                                   no-undef
    77:5   warning  'simsubscreennum' is not defined                        no-undef
    78:41  warning  'simsubscreennum' is not defined                        no-undef
    85:10  warning  'animatearrow' is defined but never used                no-unused-vars
    94:10  warning  'myStopFunction' is defined but never used              no-unused-vars
    95:19  warning  'myInt' is not defined                                  no-undef
   103:9   warning  'simsubscreennum' is not defined                        no-undef
   109:16  warning  'simsubscreennum' is not defined                        no-undef
   130:16  warning  'simsubscreennum' is not defined                        no-undef
   150:16  warning  'simsubscreennum' is not defined                        no-undef
   232:21  warning  'Propeller' is not defined                              no-undef
   251:16  warning  'simsubscreennum' is not defined                        no-undef
   265:10  warning  'dragAndRotate' is defined but never used               no-unused-vars
   269:10  warning  'mclose' is defined but never used                      no-unused-vars
   274:10  warning  'mclose1' is defined but never used                     no-unused-vars
   291:10  warning  'temp' is not defined                                   no-undef
   291:20  warning  'temp' is not defined                                   no-undef
   291:31  warning  'temp' is not defined                                   no-undef
   292:44  warning  'temp' is not defined                                   no-undef
   294:5   warning  'simsubscreennum' is not defined                        no-undef
   295:40  warning  'simsubscreennum' is not defined                        no-undef
   344:10  warning  'temp' is not defined                                   no-undef
   344:20  warning  'temp' is not defined                                   no-undef
   344:31  warning  'temp' is not defined                                   no-undef
   345:44  warning  'temp' is not defined                                   no-undef
   347:5   warning  'simsubscreennum' is not defined                        no-undef
   348:40  warning  'simsubscreennum' is not defined                        no-undef
   377:10  warning  'temp' is not defined                                   no-undef
   377:20  warning  'temp' is not defined                                   no-undef
   377:31  warning  'temp' is not defined                                   no-undef
   378:44  warning  'temp' is not defined                                   no-undef
   380:5   warning  'simsubscreennum' is not defined                        no-undef
   381:40  warning  'simsubscreennum' is not defined                        no-undef
   418:5   warning  'fluidHeight' is not defined                            no-undef
   419:53  warning  'fluidHeight' is not defined                            no-undef
   426:10  warning  'temp' is not defined                                   no-undef
   426:20  warning  'temp' is not defined                                   no-undef
   426:31  warning  'temp' is not defined                                   no-undef
   427:44  warning  'temp' is not defined                                   no-undef
   429:5   warning  'simsubscreennum' is not defined                        no-undef
   430:40  warning  'simsubscreennum' is not defined                        no-undef
   460:10  warning  'temp' is not defined                                   no-undef
   460:20  warning  'temp' is not defined                                   no-undef
   460:31  warning  'temp' is not defined                                   no-undef
   461:44  warning  'temp' is not defined                                   no-undef
   463:5   warning  'simsubscreennum' is not defined                        no-undef
   464:40  warning  'simsubscreennum' is not defined                        no-undef
   471:10  warning  'temp' is not defined                                   no-undef
   471:20  warning  'temp' is not defined                                   no-undef
   471:31  warning  'temp' is not defined                                   no-undef
   472:44  warning  'temp' is not defined                                   no-undef
   474:5   warning  'simsubscreennum' is not defined                        no-undef
   475:40  warning  'simsubscreennum' is not defined                        no-undef
   523:10  warning  'temp' is not defined                                   no-undef
   523:20  warning  'temp' is not defined                                   no-undef
   523:31  warning  'temp' is not defined                                   no-undef
   524:44  warning  'temp' is not defined                                   no-undef
   526:5   warning  'simsubscreennum' is not defined                        no-undef
   528:40  warning  'simsubscreennum' is not defined                        no-undef
   532:9   warning  'mfdensity' is not defined                              no-undef
   534:9   warning  'mfdensity' is not defined                              no-undef
   580:9   warning  'fluidHeight' is not defined                            no-undef
   581:57  warning  'fluidHeight' is not defined                            no-undef
   734:10  warning  'selectAction' is defined but never used                no-unused-vars
   737:5   warning  'simsubscreennum' is not defined                        no-undef
   758:10  warning  'setPipeDia' is defined but never used                  no-unused-vars
   778:5   warning  'staticBed' is already defined                          no-redeclare
   779:10  warning  'setbedHeight' is defined but never used                no-unused-vars
   791:10  warning  'setpackMaterial' is defined but never used             no-unused-vars
   872:5   warning  'dGlBead' is assigned a value but never used            no-unused-vars
   873:5   warning  'voidVol' is assigned a value but never used            no-unused-vars
   887:10  warning  'setProcessFluid' is defined but never used             no-unused-vars
   911:10  warning  'setManoFluid' is defined but never used                no-unused-vars
   915:9   warning  'mfdensity' is not defined                              no-undef
   917:9   warning  'mfdensity' is not defined                              no-undef
   930:5   warning  'x' is assigned a value but never used                  no-unused-vars
   931:5   warning  'numberOfClicks' is assigned a value but never used     no-unused-vars
   932:5   warning  'h1Val' is assigned a value but never used              no-unused-vars
   933:5   warning  'h2Val' is assigned a value but never used              no-unused-vars
   943:5   warning  'heightRight' is assigned a value but never used        no-unused-vars
   948:5   warning  'topRight' is assigned a value but never used           no-unused-vars
   951:5   warning  'heightPin' is assigned a value but never used          no-unused-vars
   952:5   warning  'heightPinNew' is assigned a value but never used       no-unused-vars
   962:5   warning  'bheigh' is not defined                                 no-undef
   964:5   warning  'flulen' is not defined                                 no-undef
   965:5   warning  'bh' is not defined                                     no-undef
  1016:9   warning  'functionNo' is not defined                             no-undef
  1023:9   warning  'functionNo' is not defined                             no-undef
  1042:9   warning  'flulen' is not defined                                 no-undef
  1043:9   warning  'flulen' is not defined                                 no-undef
  1044:34  warning  'flulen' is not defined                                 no-undef
  1045:9   warning  'bh' is not defined                                     no-undef
  1046:9   warning  'bh' is not defined                                     no-undef
  1046:15  warning  'flulen' is not defined                                 no-undef
  1047:39  warning  'bh' is not defined                                     no-undef
  1048:9   warning  'fluidHeight' is not defined                            no-undef
  1050:9   warning  'fluidHeight' is not defined                            no-undef
  1050:41  warning  'flulen' is not defined                                 no-undef
  1057:56  warning  'bh' is not defined                                     no-undef
  1059:47  warning  'flulen' is not defined                                 no-undef
  1062:46  warning  'flulen' is not defined                                 no-undef
  1068:9   warning  'bheigh' is not defined                                 no-undef
  1069:9   warning  'bheigh' is not defined                                 no-undef
  1069:19  warning  'flulen' is not defined                                 no-undef
  1071:14  warning  'flulen' is not defined                                 no-undef
  1107:41  warning  'flulen' is not defined                                 no-undef
  1260:17  warning  'functionNo' is not defined                             no-undef
  1261:35  warning  'bh' is not defined                                     no-undef
  1262:17  warning  'functionNo' is not defined                             no-undef
  1263:24  warning  'functionNo' is not defined                             no-undef
  1315:10  warning  'remAllRead' is defined but never used                  no-unused-vars
  1328:9   warning  '$' is not defined                                      no-undef
  1337:10  warning  'emailSend' is defined but never used                   no-unused-vars
  1360:10  warning  'sendEmail' is defined but never used                   no-unused-vars
  1364:5   warning  'emidlen' is not defined                                no-undef
  1366:9   warning  'emidlen' is not defined                                no-undef
  1375:14  warning  'i' is not defined                                      no-undef
  1375:21  warning  'i' is not defined                                      no-undef
  1375:44  warning  'i' is not defined                                      no-undef
  1378:44  warning  'i' is not defined                                      no-undef
  1382:17  warning  'info' is not defined                                   no-undef
  1382:34  warning  'info' is not defined                                   no-undef
  1384:13  warning  'info' is not defined                                   no-undef
  1384:30  warning  'info' is not defined                                   no-undef
  1398:10  warning  'setemail' is defined but never used                    no-unused-vars
  1403:10  warning  'remSelRead' is defined but never used                  no-unused-vars
  1413:10  warning  'i' is not defined                                      no-undef
  1413:17  warning  'i' is not defined                                      no-undef
  1413:34  warning  'i' is not defined                                      no-undef
  1414:14  warning  'i' is not defined                                      no-undef
  1427:10  warning  'roots' is defined but never used                       no-unused-vars
  1485:13  warning  'realPart' is assigned a value but never used           no-unused-vars
  1486:13  warning  'imagPart' is assigned a value but never used           no-unused-vars
  1563:13  warning  'D' is already defined                                  no-redeclare
  1585:17  warning  'u' is already defined                                  no-redeclare
  1586:17  warning  't' is assigned a value but never used                  no-unused-vars
  1587:17  warning  'k' is assigned a value but never used                  no-unused-vars
  1759:5   warning  'fluidHeight' is not defined                            no-undef
  1760:53  warning  'fluidHeight' is not defined                            no-undef
  1842:5   warning  'simsubscreennum' is not defined                        no-undef
  1845:41  warning  'simsubscreennum' is not defined                        no-undef
  1853:5   warning  'pipeLengthEval' is assigned a value but never used     no-unused-vars
  1855:10  warning  'setPipeLengthEval' is defined but never used           no-unused-vars
  1859:5   warning  'chosenPipeDiaEval' is assigned a value but never used  no-unused-vars
  1862:5   warning  'areaEval' is already defined                           no-redeclare
  1864:10  warning  'setPipeDiaEval' is defined but never used              no-unused-vars
  1871:10  warning  'setVenturiDiaEval' is defined but never used           no-unused-vars
  1876:5   warning  'processFluidEval' is assigned a value but never used   no-unused-vars
  1879:5   warning  'edensitymf' is assigned a value but never used         no-unused-vars
  1881:10  warning  'setProcessFluidEval' is defined but never used         no-unused-vars
  1886:5   warning  'manoFluidEval' is assigned a value but never used      no-unused-vars
  1889:10  warning  'setManoFluidEval' is defined but never used            no-unused-vars
  1898:10  warning  'setEvalSets' is defined but never used                 no-unused-vars
  1913:18  warning  'x' is already defined                                  no-redeclare
  1932:5   warning  'den' is defined but never used                         no-unused-vars
  1932:10  warning  'diaMeter' is defined but never used                    no-unused-vars
  1932:37  warning  'visco' is defined but never used                       no-unused-vars
  1932:60  warning  'denMano' is defined but never used                     no-unused-vars
  1932:82  warning  'hf' is defined but never used                          no-unused-vars
  1934:10  warning  'evaluateConfig' is defined but never used              no-unused-vars
  2035:17  warning  'rowCountPost' is assigned a value but never used       no-unused-vars
  2064:17  warning  'rowCounttt' is assigned a value but never used         no-unused-vars
  2088:10  warning  'showFirstScreen' is defined but never used             no-unused-vars
  2131:10  warning  'setPBLengthEval' is defined but never used             no-unused-vars
  2136:5   warning  'pBMaterialEval' is assigned a value but never used     no-unused-vars
  2144:5   warning  'speri' is already defined                              no-redeclare
  2145:5   warning  'spsurfarea' is already defined                         no-redeclare
  2145:5   warning  'spsurfarea' is assigned a value but never used         no-unused-vars
  2146:5   warning  'voidfrac' is already defined                           no-redeclare
  2148:10  warning  'setPBMaterial' is defined but never used               no-unused-vars
  2175:5   warning  'pipeLength' is already defined                         no-redeclare
  2175:5   warning  'pipeLength' is assigned a value but never used         no-unused-vars
  2176:5   warning  'pbDiaEval' is already defined                          no-redeclare
  2177:5   warning  'actualPipeDiaEval' is already defined                  no-redeclare
  2178:5   warning  'areaEval' is already defined                           no-redeclare
  2179:10  warning  'setPBDiaEval' is defined but never used                no-unused-vars

/home/runner/work/exp-flow-through-fluidized-bed-nitk/exp-flow-through-fluidized-bed-nitk/experiment/simulation/js/sgca.js
  1792:10  error  Parsing error: Identifier 'setProcessFluidEval' has already been declared

✖ 479 problems (2 errors, 477 warnings)

